Detecting C [-std=c11] compiler features failed to compile with the following output:
Change Dir: /home/user/catkin_ws/src/a-star-search-algorithm/build/CMakeFiles/CMakeTmp

Run Build Command:"/usr/bin/make" "cmTC_463e6/fast"
/usr/bin/make -f CMakeFiles/cmTC_463e6.dir/build.make CMakeFiles/cmTC_463e6.dir/build
make[1]: Entering directory '/home/user/catkin_ws/src/a-star-search-algorithm/build/CMakeFiles/CMakeTmp'
Building C object CMakeFiles/cmTC_463e6.dir/feature_tests.c.o
/usr/bin/c99-gcc   -std=c11 -o CMakeFiles/cmTC_463e6.dir/feature_tests.c.o   -c /home/user/catkin_ws/src/a-star-search-algorithm/build/CMakeFiles/feature_tests.c
c99-gcc called with non ISO C99 option -std=c11
CMakeFiles/cmTC_463e6.dir/build.make:65: recipe for target 'CMakeFiles/cmTC_463e6.dir/feature_tests.c.o' failed
make[1]: *** [CMakeFiles/cmTC_463e6.dir/feature_tests.c.o] Error 1
make[1]: Leaving directory '/home/user/catkin_ws/src/a-star-search-algorithm/build/CMakeFiles/CMakeTmp'
Makefile:126: recipe for target 'cmTC_463e6/fast' failed
make: *** [cmTC_463e6/fast] Error 2



Determining if the pthread_create exist failed with the following output:
Change Dir: /home/user/catkin_ws/src/a-star-search-algorithm/build/CMakeFiles/CMakeTmp

Run Build Command:"/usr/bin/make" "cmTC_fe8e7/fast"
/usr/bin/make -f CMakeFiles/cmTC_fe8e7.dir/build.make CMakeFiles/cmTC_fe8e7.dir/build
make[1]: Entering directory '/home/user/catkin_ws/src/a-star-search-algorithm/build/CMakeFiles/CMakeTmp'
Building C object CMakeFiles/cmTC_fe8e7.dir/CheckSymbolExists.c.o
/usr/bin/c99-gcc    -o CMakeFiles/cmTC_fe8e7.dir/CheckSymbolExists.c.o   -c /home/user/catkin_ws/src/a-star-search-algorithm/build/CMakeFiles/CMakeTmp/CheckSymbolExists.c
Linking C executable cmTC_fe8e7
/usr/bin/cmake -E cmake_link_script CMakeFiles/cmTC_fe8e7.dir/link.txt --verbose=1
/usr/bin/c99-gcc      -rdynamic CMakeFiles/cmTC_fe8e7.dir/CheckSymbolExists.c.o  -o cmTC_fe8e7 
CMakeFiles/cmTC_fe8e7.dir/CheckSymbolExists.c.o: In function `main':
CheckSymbolExists.c:(.text+0x1b): undefined reference to `pthread_create'
collect2: error: ld returned 1 exit status
CMakeFiles/cmTC_fe8e7.dir/build.make:97: recipe for target 'cmTC_fe8e7' failed
make[1]: *** [cmTC_fe8e7] Error 1
make[1]: Leaving directory '/home/user/catkin_ws/src/a-star-search-algorithm/build/CMakeFiles/CMakeTmp'
Makefile:126: recipe for target 'cmTC_fe8e7/fast' failed
make: *** [cmTC_fe8e7/fast] Error 2

File /home/user/catkin_ws/src/a-star-search-algorithm/build/CMakeFiles/CMakeTmp/CheckSymbolExists.c:
/* */
#include <pthread.h>

int main(int argc, char** argv)
{
  (void)argv;
#ifndef pthread_create
  return ((int*)(&pthread_create))[argc];
#else
  (void)argc;
  return 0;
#endif
}

Determining if the function pthread_create exists in the pthreads failed with the following output:
Change Dir: /home/user/catkin_ws/src/a-star-search-algorithm/build/CMakeFiles/CMakeTmp

Run Build Command:"/usr/bin/make" "cmTC_9dd50/fast"
/usr/bin/make -f CMakeFiles/cmTC_9dd50.dir/build.make CMakeFiles/cmTC_9dd50.dir/build
make[1]: Entering directory '/home/user/catkin_ws/src/a-star-search-algorithm/build/CMakeFiles/CMakeTmp'
Building C object CMakeFiles/cmTC_9dd50.dir/CheckFunctionExists.c.o
/usr/bin/c99-gcc   -DCHECK_FUNCTION_EXISTS=pthread_create   -o CMakeFiles/cmTC_9dd50.dir/CheckFunctionExists.c.o   -c /usr/share/cmake-3.10/Modules/CheckFunctionExists.c
Linking C executable cmTC_9dd50
/usr/bin/cmake -E cmake_link_script CMakeFiles/cmTC_9dd50.dir/link.txt --verbose=1
/usr/bin/c99-gcc  -DCHECK_FUNCTION_EXISTS=pthread_create    -rdynamic CMakeFiles/cmTC_9dd50.dir/CheckFunctionExists.c.o  -o cmTC_9dd50 -lpthreads 
/usr/bin/ld: cannot find -lpthreads
collect2: error: ld returned 1 exit status
CMakeFiles/cmTC_9dd50.dir/build.make:97: recipe for target 'cmTC_9dd50' failed
make[1]: *** [cmTC_9dd50] Error 1
make[1]: Leaving directory '/home/user/catkin_ws/src/a-star-search-algorithm/build/CMakeFiles/CMakeTmp'
Makefile:126: recipe for target 'cmTC_9dd50/fast' failed
make: *** [cmTC_9dd50/fast] Error 2


